TN:
SF:src\apis\user.ts
FN:9,getUserRole
FNF:1
FNH:1
FNDA:3,getUserRole
DA:1,1
DA:2,1
DA:3,1
DA:4,1
DA:5,1
DA:6,1
DA:7,1
DA:8,1
DA:9,1
DA:10,3
DA:11,3
LF:11
LH:11
BRDA:9,0,0,3
BRDA:9,1,0,3
BRF:2
BRH:2
end_of_record
TN:
SF:src\components\Title.tsx
FN:26,Title
FNF:1
FNH:1
FNDA:2,Title
DA:1,1
DA:2,1
DA:3,1
DA:4,1
DA:5,1
DA:6,1
DA:7,1
DA:8,1
DA:9,1
DA:10,1
DA:11,1
DA:12,1
DA:13,1
DA:14,1
DA:15,1
DA:16,1
DA:17,1
DA:18,1
DA:19,1
DA:20,1
DA:21,1
DA:22,1
DA:23,1
DA:24,1
DA:25,1
DA:26,1
DA:27,2
DA:28,2
DA:29,2
DA:30,2
DA:31,1
DA:32,1
LF:32
LH:32
BRDA:26,0,0,2
BRF:1
BRH:1
end_of_record
TN:
SF:src\components\AuthButton\index.tsx
FN:15,AuthButton
FN:21,getLoginState
FNF:2
FNH:2
FNDA:9,AuthButton
FNDA:5,getLoginState
DA:1,1
DA:2,1
DA:3,1
DA:4,1
DA:5,1
DA:6,1
DA:7,1
DA:8,1
DA:9,1
DA:10,1
DA:11,1
DA:12,1
DA:13,1
DA:14,1
DA:15,1
DA:16,9
DA:17,9
DA:18,9
DA:19,9
DA:20,9
DA:21,9
DA:22,5
DA:23,4
DA:24,5
DA:25,9
DA:26,9
DA:27,5
DA:28,9
DA:29,9
DA:30,9
DA:31,9
DA:32,9
DA:33,9
DA:34,9
DA:35,9
DA:36,9
DA:37,1
DA:38,1
LF:38
LH:38
BRDA:15,0,0,9
BRDA:32,1,0,5
BRDA:21,2,0,5
BRDA:21,3,0,5
BRDA:23,4,0,4
BRDA:26,5,0,5
BRF:6
BRH:6
end_of_record
TN:
SF:src\components\AuthButton\styles.module.less
FN:1,Object.<anonymous>
FNF:1
FNH:1
FNDA:3,Object.<anonymous>
DA:1,3
DA:2,1
DA:3,1
LF:3
LH:3
BRDA:1,0,0,3
BRDA:1,1,0,3
BRF:2
BRH:2
end_of_record
TN:
SF:src\utils\after1000ms.ts
FN:3,after1000ms
FNF:1
FNH:1
FNDA:1,after1000ms
DA:1,1
DA:2,1
DA:3,1
DA:4,1
DA:5,1
DA:6,1
DA:7,1
DA:8,1
DA:9,1
DA:10,1
DA:11,1
LF:11
LH:11
BRDA:3,0,0,1
BRDA:5,1,0,1
BRF:2
BRH:2
end_of_record
TN:
SF:src\utils\getSearchObj.ts
FN:1,getSearchObj
FNF:1
FNH:1
FNDA:2,getSearchObj
DA:1,1
DA:2,2
DA:3,2
DA:4,2
DA:5,2
DA:6,2
DA:7,2
DA:8,2
DA:9,2
DA:10,2
DA:11,3
DA:12,3
DA:13,2
DA:14,2
DA:15,2
DA:16,2
DA:17,1
DA:18,1
LF:18
LH:18
BRDA:1,0,0,2
BRDA:10,1,0,3
BRF:2
BRH:2
end_of_record
TN:
SF:src\utils\objToSearchStr.ts
FN:1,objToSearchStr
FNF:1
FNH:1
FNDA:1,objToSearchStr
DA:1,1
DA:2,1
DA:3,1
DA:4,2
DA:5,2
DA:6,2
DA:7,1
DA:8,1
DA:9,1
DA:10,1
DA:11,1
LF:11
LH:11
BRDA:1,0,0,1
BRDA:3,1,0,2
BRF:2
BRH:2
end_of_record
TN:
SF:src\utils\sleep.ts
FN:1,sleep
FNF:1
FNH:1
FNDA:1,sleep
DA:1,1
DA:2,1
DA:3,1
DA:4,1
DA:5,1
DA:6,1
DA:7,1
LF:7
LH:7
BRDA:1,0,0,1
BRDA:2,1,0,1
BRF:2
BRH:2
end_of_record
TN:
SF:src\utils\storage.ts
FN:4,set
FN:8,get
FNF:2
FNH:2
FNDA:1,set
FNDA:1,get
DA:1,1
DA:2,1
DA:3,1
DA:4,1
DA:5,1
DA:6,1
DA:7,1
DA:8,1
DA:9,1
DA:10,1
DA:11,1
DA:12,1
DA:13,1
DA:14,1
DA:15,1
DA:16,1
DA:17,1
LF:17
LH:17
BRDA:4,0,0,1
BRDA:8,1,0,1
BRF:2
BRH:2
end_of_record
TN:
SF:src\utils\sum.ts
FN:1,sum
FNF:1
FNH:1
FNDA:1,sum
DA:1,1
DA:2,1
DA:3,1
DA:4,1
DA:5,1
LF:5
LH:5
BRDA:1,0,0,1
BRF:1
BRH:1
end_of_record
TN:
SF:tests\mockServer\handlers.ts
FNF:0
FNH:0
DA:1,1
DA:2,1
DA:3,1
DA:4,1
DA:5,1
DA:6,1
DA:7,1
DA:8,1
DA:9,1
DA:10,1
DA:11,1
DA:12,1
DA:13,1
DA:14,1
LF:14
LH:14
BRDA:4,0,0,1
BRDA:4,1,0,1
BRF:2
BRH:2
end_of_record
TN:
SF:tests\mockServer\server.ts
FNF:0
FNH:0
DA:1,1
DA:2,1
DA:3,1
DA:4,1
DA:5,1
DA:6,1
LF:6
LH:6
BRF:0
BRH:0
end_of_record
